<html>
<body>
<pre>
<h1>µVision Build Log</h1>
<h2>Tool Versions:</h2>
IDE-Version: µVision V5.31.0.0
Copyright (C) 2020 ARM Ltd and ARM Germany GmbH. All rights reserved.
License Information: Luong Nguyen, gHostCompany, LIC=QF82M-X2FQZ-LQD0Q-NIJQ5-NY0S3-JYVMQ
 
Tool Versions:
Toolchain:       MDK-ARM Plus  Version: 5.31.0.0
Toolchain Path:  C:\Keil_v5\ARM\ARMCC\Bin
C Compiler:      Armcc.exe V5.06 update 6 (build 750)
Assembler:       Armasm.exe V5.06 update 6 (build 750)
Linker/Locator:  ArmLink.exe V5.06 update 6 (build 750)
Library Manager: ArmAr.exe V5.06 update 6 (build 750)
Hex Converter:   FromElf.exe V5.06 update 6 (build 750)
CPU DLL:         SARMCM3.DLL V5.31.0.0
Dialog DLL:      DCM.DLL V1.17.3.0
Target DLL:      STLink\ST-LINKIII-KEIL_SWO.dll V3.0.7.0
Dialog DLL:      TCM.DLL V1.46.0.0
 
<h2>Project:</h2>
D:\Work\CANnetwork\MDK-ARM\CANnetwork.uvprojx
Project File Date:  12/10/2025

<h2>Output:</h2>
*** Using Compiler 'V5.06 update 6 (build 750)', folder: 'C:\Keil_v5\ARM\ARMCC\Bin'
Build target 'CANnetwork'
compiling spi_ex.c...
..\Core\BoardSP\spi_ex.h(31): warning:  #1-D: last line of file ends without a newline
  /* End of file -------------------------------------------------------- */
..\Core\BoardSP\spi_ex.c(23): error:  #20: identifier "SPI_HandleTypeDef" is undefined
  SPI_HandleTypeDef hspi1;
..\Core\BoardSP\spi_ex.c(46): error:  #20: identifier "SPI_MODE_MASTER" is undefined
      hspi1.Init.Mode              = SPI_MODE_MASTER;
..\Core\BoardSP\spi_ex.c(47): error:  #20: identifier "SPI_DIRECTION_2LINES" is undefined
      hspi1.Init.Direction         = SPI_DIRECTION_2LINES;
..\Core\BoardSP\spi_ex.c(48): error:  #20: identifier "SPI_DATASIZE_8BIT" is undefined
      hspi1.Init.DataSize          = SPI_DATASIZE_8BIT;
..\Core\BoardSP\spi_ex.c(49): error:  #20: identifier "SPI_POLARITY_LOW" is undefined
      hspi1.Init.CLKPolarity       = SPI_POLARITY_LOW;
..\Core\BoardSP\spi_ex.c(50): error:  #20: identifier "SPI_PHASE_1EDGE" is undefined
      hspi1.Init.CLKPhase          = SPI_PHASE_1EDGE;
..\Core\BoardSP\spi_ex.c(51): error:  #20: identifier "SPI_NSS_SOFT" is undefined
      hspi1.Init.NSS               = SPI_NSS_SOFT;
..\Core\BoardSP\spi_ex.c(52): error:  #20: identifier "SPI_BAUDRATEPRESCALER_16" is undefined
      hspi1.Init.BaudRatePrescaler = SPI_BAUDRATEPRESCALER_16;
..\Core\BoardSP\spi_ex.c(53): error:  #20: identifier "SPI_FIRSTBIT_MSB" is undefined
      hspi1.Init.FirstBit          = SPI_FIRSTBIT_MSB;
..\Core\BoardSP\spi_ex.c(55): warning:  #223-D: function "HAL_SPI_Init" declared implicitly
      HAL_SPI_Init(&hspi1);
..\Core\BoardSP\spi_ex.c(62): warning:  #223-D: function "HAL_SPI_TransmitReceive" declared implicitly
      HAL_SPI_TransmitReceive(&hspi1, &data, &rx, 1, 100);
..\Core\BoardSP\spi_ex.c(70): warning:  #223-D: function "HAL_SPI_TransmitReceive" declared implicitly
      HAL_SPI_TransmitReceive(&hspi1, &data, &dump, 1, 100);
..\Core\BoardSP\spi_ex.c(78): warning:  #223-D: function "HAL_SPI_TransmitReceive" declared implicitly
      HAL_SPI_TransmitReceive(&hspi1, &dummy, &rx, 1, 100);
..\Core\BoardSP\spi_ex.c(87): warning:  #223-D: function "HAL_SPI_TransmitReceive" declared implicitly
          HAL_SPI_TransmitReceive(&hspi1, &buf[i], &dump, 1, 100);
..\Core\BoardSP\spi_ex.c(95): warning:  #223-D: function "HAL_SPI_TransmitReceive" declared implicitly
          HAL_SPI_TransmitReceive(&hspi1, &dummy, &buf[i], 1, 100);
..\Core\BoardSP\spi_ex.c(100): warning:  #1-D: last line of file ends without a newline
  /* End of file -------------------------------------------------------- */
..\Core\BoardSP\spi_ex.c: 8 warnings, 9 errors
compiling uart_ex.c...
..\Core\BoardSP\uart_ex.h(27): warning:  #1-D: last line of file ends without a newline
  /* End of file -------------------------------------------------------- */
..\Core\BoardSP\uart_ex.c(22): error:  #20: identifier "UART_HandleTypeDef" is undefined
  UART_HandleTypeDef huart1;
..\Core\BoardSP\uart_ex.c(45): error:  #20: identifier "UART_WORDLENGTH_8B" is undefined
      huart1.Init.WordLength = UART_WORDLENGTH_8B;
..\Core\BoardSP\uart_ex.c(46): error:  #20: identifier "UART_STOPBITS_1" is undefined
      huart1.Init.StopBits = UART_STOPBITS_1;
..\Core\BoardSP\uart_ex.c(47): error:  #20: identifier "UART_PARITY_NONE" is undefined
      huart1.Init.Parity = UART_PARITY_NONE;
..\Core\BoardSP\uart_ex.c(48): error:  #20: identifier "UART_MODE_TX_RX" is undefined
      huart1.Init.Mode = UART_MODE_TX_RX;
..\Core\BoardSP\uart_ex.c(49): error:  #20: identifier "UART_HWCONTROL_NONE" is undefined
      huart1.Init.HwFlowCtl = UART_HWCONTROL_NONE;
..\Core\BoardSP\uart_ex.c(50): error:  #20: identifier "UART_OVERSAMPLING_16" is undefined
      huart1.Init.OverSampling = UART_OVERSAMPLING_16;
..\Core\BoardSP\uart_ex.c(52): warning:  #223-D: function "HAL_UART_Init" declared implicitly
      HAL_UART_Init(&huart1);
..\Core\BoardSP\uart_ex.c(57): warning:  #223-D: function "HAL_UART_Transmit" declared implicitly
      HAL_UART_Transmit(&huart1, pData, size, 100);
..\Core\BoardSP\uart_ex.c(59): warning:  #1-D: last line of file ends without a newline
  /* End of file -------------------------------------------------------- */
..\Core\BoardSP\uart_ex.c: 4 warnings, 7 errors
compiling app.c...
..\Core\App\app.h(26): warning:  #1-D: last line of file ends without a newline
  /* End of file -------------------------------------------------------- */
../Core/BoardSP/spi_ex.h(31): warning:  #1-D: last line of file ends without a newline
  /* End of file -------------------------------------------------------- */
../Core/BoardSP/gpio_ex.h(28): warning:  #1-D: last line of file ends without a newline
  /* End of file -------------------------------------------------------- */
../Core/BoardSP/uart_ex.h(27): warning:  #1-D: last line of file ends without a newline
  /* End of file -------------------------------------------------------- */
..\Core\App\app.c(41): warning:  #223-D: function "strlen" declared implicitly
      UART_EX_Transmit((uint8_t*)msg, strlen(msg));
..\Core\App\app.c(51): warning:  #1-D: last line of file ends without a newline
  /* End of file -------------------------------------------------------- */
..\Core\App\app.c: 6 warnings, 0 errors
compiling gpio_ex.c...
..\Core\BoardSP\gpio_ex.h(28): warning:  #1-D: last line of file ends without a newline
  /* End of file -------------------------------------------------------- */
..\Core\BoardSP\gpio_ex.c(55): warning:  #1-D: last line of file ends without a newline
  /* End of file -------------------------------------------------------- */
..\Core\BoardSP\gpio_ex.c: 2 warnings, 0 errors
compiling main.c...
../Core/BoardSP/spi_ex.h(31): warning:  #1-D: last line of file ends without a newline
  /* End of file -------------------------------------------------------- */
../Core/BoardSP/gpio_ex.h(28): warning:  #1-D: last line of file ends without a newline
  /* End of file -------------------------------------------------------- */
../Core/App/app.h(26): warning:  #1-D: last line of file ends without a newline
  /* End of file -------------------------------------------------------- */
../Core/Src/main.c: 3 warnings, 0 errors
"CANnetwork\CANnetwork.axf" - 16 Error(s), 23 Warning(s).

<h2>Software Packages used:</h2>

Package Vendor: ARM
                http://www.keil.com/pack/ARM.CMSIS.5.7.0.pack
                ARM.CMSIS.5.7.0
                CMSIS (Cortex Microcontroller Software Interface Standard)
   * Component: CORE Version: 5.4.0

Package Vendor: Keil
                https://www.keil.com/pack/Keil.STM32F1xx_DFP.2.4.1.pack
                Keil.STM32F1xx_DFP.2.4.1
                STMicroelectronics STM32F1 Series Device Support, Drivers and Examples

<h2>Collection of Component include folders:</h2>
  .\RTE\_CANnetwork
  C:\Users\LUONG\AppData\Local\Arm\Packs\ARM\CMSIS\5.7.0\CMSIS\Core\Include
  C:\Users\LUONG\AppData\Local\Arm\Packs\Keil\STM32F1xx_DFP\2.4.1\Device\Include

<h2>Collection of Component Files used:</h2>

   * Component: ARM::CMSIS:CORE:5.4.0
      Include file:  CMSIS\Core\Include\tz_context.h
Target not created.
Build Time Elapsed:  00:00:01
</pre>
</body>
</html>
